<?xml version="1.0" encoding="UTF-8"?>
<!-- Generated by org.testng.reporters.JUnitXMLReporter -->
<testsuite hostname="LAPTOP-DG66NA5I" name="CSAFP-US_FASTPATH" tests="25" failures="1" timestamp="14 Oct 2020 06:15:24 GMT" time="8.151" errors="0">
  <testcase name="ripc_loginTest" time="7.475" classname="CSAFP_US.US_CSAfp_fastpath">
    <failure type="java.lang.NullPointerException">
      <![CDATA[java.lang.NullPointerException
	at Wrappers.GenericWrappers_US.login(GenericWrappers_US.java:38)
	at CSAFP_US.US_CSAfp_fastpath.ripc_loginTest(US_CSAfp_fastpath.java:50)
... Removed 24 stack frames]]>
    </failure>
  </testcase> <!-- ripc_loginTest -->
  <testcase name="ripc_createRequestTest" time="0.0" classname="CSAFP_US.US_CSAfp_fastpath">
    <skipped/>
  </testcase> <!-- ripc_createRequestTest -->
  <testcase name="ripc_enterProjectAttributesTest" time="0.0" classname="CSAFP_US.US_CSAfp_fastpath">
    <skipped/>
  </testcase> <!-- ripc_enterProjectAttributesTest -->
  <testcase name="ripc_addMilestoneTest" time="0.0" classname="CSAFP_US.US_CSAfp_fastpath">
    <skipped/>
  </testcase> <!-- ripc_addMilestoneTest -->
  <testcase name="ripc_enterMilestoneDetailsTest" time="0.0" classname="CSAFP_US.US_CSAfp_fastpath">
    <skipped/>
  </testcase> <!-- ripc_enterMilestoneDetailsTest -->
  <testcase name="add_JRSSTest" time="0.02" classname="CSAFP_US.US_CSAfp_fastpath">
    <skipped/>
  </testcase> <!-- add_JRSSTest -->
  <testcase name="click_PeopleInvolvedTest" time="0.0" classname="CSAFP_US.US_CSAfp_fastpath">
    <skipped/>
  </testcase> <!-- click_PeopleInvolvedTest -->
  <testcase name="click_SuppliersTest" time="0.0" classname="CSAFP_US.US_CSAfp_fastpath">
    <skipped/>
  </testcase> <!-- click_SuppliersTest -->
  <testcase name="ripc_supplierQuestionsTest" time="0.0" classname="CSAFP_US.US_CSAfp_fastpath">
    <skipped/>
  </testcase> <!-- ripc_supplierQuestionsTest -->
  <testcase name="ripc_supplierEvaluationTest" time="0.0" classname="CSAFP_US.US_CSAfp_fastpath">
    <skipped/>
  </testcase> <!-- ripc_supplierEvaluationTest -->
  <testcase name="ripc_termsandcondition" time="0.001" classname="CSAFP_US.US_CSAfp_fastpath">
    <skipped/>
  </testcase> <!-- ripc_termsandcondition -->
  <testcase name="ripc_submitRequestTest" time="0.0" classname="CSAFP_US.US_CSAfp_fastpath">
    <skipped/>
  </testcase> <!-- ripc_submitRequestTest -->
  <testcase name="buyer_loginTest" time="0.0" classname="CSAFP_US.US_CSAfp_fastpath">
    <skipped/>
  </testcase> <!-- buyer_loginTest -->
  <testcase name="buyer_awaitingActionTest" time="0.0" classname="CSAFP_US.US_CSAfp_fastpath">
    <skipped/>
  </testcase> <!-- buyer_awaitingActionTest -->
  <testcase name="buyer_verifyProjectAttributesTest" time="0.0" classname="CSAFP_US.US_CSAfp_fastpath">
    <skipped/>
  </testcase> <!-- buyer_verifyProjectAttributesTest -->
  <testcase name="buyer_milestoneTest" time="0.0" classname="CSAFP_US.US_CSAfp_fastpath">
    <skipped/>
  </testcase> <!-- buyer_milestoneTest -->
  <testcase name="buyer_verifyPeopleInvolvedTest" time="0.0" classname="CSAFP_US.US_CSAfp_fastpath">
    <skipped/>
  </testcase> <!-- buyer_verifyPeopleInvolvedTest -->
  <testcase name="buyer_verifySuppliersTest" time="0.0" classname="CSAFP_US.US_CSAfp_fastpath">
    <skipped/>
  </testcase> <!-- buyer_verifySuppliersTest -->
  <testcase name="buyer_verifySupplierQuesTest" time="0.0" classname="CSAFP_US.US_CSAfp_fastpath">
    <skipped/>
  </testcase> <!-- buyer_verifySupplierQuesTest -->
  <testcase name="buyer_enterEvaluationCriteriaTest" time="0.0" classname="CSAFP_US.US_CSAfp_fastpath">
    <skipped/>
  </testcase> <!-- buyer_enterEvaluationCriteriaTest -->
  <testcase name="buyer_termsandcondition" time="0.0" classname="CSAFP_US.US_CSAfp_fastpath">
    <skipped/>
  </testcase> <!-- buyer_termsandcondition -->
  <testcase name="buyer_SkipSupplier" time="0.0" classname="CSAFP_US.US_CSAfp_fastpath">
    <skipped/>
  </testcase> <!-- buyer_SkipSupplier -->
  <testcase name="ripc_loginTest1" time="0.0" classname="CSAFP_US.US_CSAfp_fastpath">
    <skipped/>
  </testcase> <!-- ripc_loginTest1 -->
  <testcase name="RIPC_reqSearchTest" time="0.0" classname="CSAFP_US.US_CSAfp_fastpath">
    <skipped/>
  </testcase> <!-- RIPC_reqSearchTest -->
  <testcase name="RIPC_openRequestTest" time="0.0" classname="CSAFP_US.US_CSAfp_fastpath">
    <skipped/>
  </testcase> <!-- RIPC_openRequestTest -->
</testsuite> <!-- CSAFP-US_FASTPATH -->
